<?xml version="1.0" encoding="UTF-8"?>
<!-- Generated by org.testng.reporters.JUnitReportReporter -->
<testsuite hostname="TechnoExponent" failures="0" tests="1" name="KYS.Notary.TestScript" time="24.365" errors="0" timestamp="2025-05-06T12:45:35 IST" skipped="0">
  <testcase classname="KYS.Notary.TestScript" name="Login" time="24.365"/>
</testsuite> <!-- KYS.Notary.TestScript -->
