<?xml version="1.0" encoding="UTF-8"?>
<!-- Generated by org.testng.reporters.JUnitReportReporter -->
<testsuite hostname="TechnoExponent" failures="0" tests="1" name="KYS.Notary.WorkOrder" time="2.126" errors="0" timestamp="2025-05-11T15:05:50 IST" skipped="0">
  <testcase classname="KYS.Notary.WorkOrder" name="PlaceOrder" time="2.126"/>
</testsuite> <!-- KYS.Notary.WorkOrder -->
