<?xml version="1.0" encoding="UTF-8"?>
<!-- Generated by org.testng.reporters.JUnitReportReporter -->
<testsuite hostname="TechnoExponent" failures="0" tests="5" name="KYS.Notary.Prac" time="17.011" errors="0" timestamp="2025-05-11T15:05:50 IST" skipped="0">
  <testcase classname="KYS.Notary.Prac" name="LoginwithNoData" time="4.191"/>
  <testcase classname="KYS.Notary.Prac" name="LoginwithOnlyMail" time="0.325"/>
  <testcase classname="KYS.Notary.Prac" name="LoginwithWrongData" time="0.367"/>
  <testcase classname="KYS.Notary.Prac" name="Login" time="10.868"/>
  <testcase classname="KYS.Notary.Prac" name="UpdateProfile" time="1.260"/>
</testsuite> <!-- KYS.Notary.Prac -->
